2025-11-13 20:35:35,640 - INFO - Starting BERTopic script...
2025-11-13 20:35:36,035 - INFO - Use pytorch device_name: cpu
2025-11-13 20:35:36,035 - INFO - Load pretrained SentenceTransformer: sentence-transformers/all-MiniLM-L6-v2
2025-11-13 20:37:06,964 - INFO - Number of topics found: 89
2025-11-13 20:37:06,979 - INFO - Extracted details for 89 topics (including outlier topic -1 if present).
2025-11-13 20:37:25,705 - INFO - adding document #0 to Dictionary<0 unique tokens: []>
2025-11-13 20:37:25,986 - INFO - built Dictionary<30258 unique tokens: ['अग्राधिकार', 'अत्यावश्यक', 'अधिवक्ता', 'अध्ययन', 'अनन्तराज']...> from 1416 documents (total 494224 corpus positions)
2025-11-13 20:37:25,986 - INFO - Dictionary lifecycle event {'msg': "built Dictionary<30258 unique tokens: ['अग्राधिकार', 'अत्यावश्यक', 'अधिवक्ता', 'अध्ययन', 'अनन्तराज']...> from 1416 documents (total 494224 corpus positions)", 'datetime': '2025-11-13T20:37:25.986964', 'gensim': '4.4.0', 'python': '3.11.9 (tags/v3.11.9:de54cf5, Apr  2 2024, 10:12:12) [MSC v.1938 64 bit (AMD64)]', 'platform': 'Windows-10-10.0.26100-SP0', 'event': 'created'}
2025-11-13 20:37:25,995 - INFO - using ParallelWordOccurrenceAccumulator<processes=11, batch_size=64> to estimate probabilities from sliding windows
2025-11-13 20:37:42,232 - INFO - 1 batches submitted to accumulate stats from 64 documents (13311 virtual)
2025-11-13 20:37:42,243 - INFO - 2 batches submitted to accumulate stats from 128 documents (28919 virtual)
2025-11-13 20:37:42,249 - INFO - 3 batches submitted to accumulate stats from 192 documents (44523 virtual)
2025-11-13 20:37:42,259 - INFO - 4 batches submitted to accumulate stats from 256 documents (61616 virtual)
2025-11-13 20:37:42,268 - INFO - 5 batches submitted to accumulate stats from 320 documents (80672 virtual)
2025-11-13 20:37:42,279 - INFO - 6 batches submitted to accumulate stats from 384 documents (97480 virtual)
2025-11-13 20:37:42,289 - INFO - 7 batches submitted to accumulate stats from 448 documents (115990 virtual)
2025-11-13 20:37:42,298 - INFO - 8 batches submitted to accumulate stats from 512 documents (134296 virtual)
2025-11-13 20:37:42,306 - INFO - 9 batches submitted to accumulate stats from 576 documents (152072 virtual)
2025-11-13 20:37:42,318 - INFO - 10 batches submitted to accumulate stats from 640 documents (172962 virtual)
2025-11-13 20:37:42,327 - INFO - 11 batches submitted to accumulate stats from 704 documents (189631 virtual)
2025-11-13 20:37:42,350 - INFO - 12 batches submitted to accumulate stats from 768 documents (207494 virtual)
2025-11-13 20:37:42,360 - INFO - 13 batches submitted to accumulate stats from 832 documents (226403 virtual)
2025-11-13 20:37:42,368 - INFO - 14 batches submitted to accumulate stats from 896 documents (243836 virtual)
2025-11-13 20:37:42,383 - INFO - 15 batches submitted to accumulate stats from 960 documents (262245 virtual)
2025-11-13 20:37:42,391 - INFO - 16 batches submitted to accumulate stats from 1024 documents (269402 virtual)
2025-11-13 20:37:42,396 - INFO - 17 batches submitted to accumulate stats from 1088 documents (274560 virtual)
2025-11-13 20:37:42,407 - INFO - 18 batches submitted to accumulate stats from 1152 documents (288245 virtual)
2025-11-13 20:37:42,415 - INFO - 19 batches submitted to accumulate stats from 1216 documents (303047 virtual)
2025-11-13 20:37:42,423 - INFO - 20 batches submitted to accumulate stats from 1280 documents (311929 virtual)
2025-11-13 20:37:42,431 - INFO - 21 batches submitted to accumulate stats from 1344 documents (324900 virtual)
2025-11-13 20:37:42,440 - INFO - 22 batches submitted to accumulate stats from 1408 documents (338320 virtual)
2025-11-13 20:37:43,183 - INFO - 23 batches submitted to accumulate stats from 1472 documents (339880 virtual)
2025-11-13 20:37:45,455 - INFO - 11 accumulators retrieved from output queue
2025-11-13 20:37:45,558 - INFO - accumulated word occurrence stats for 343701 virtual documents
2025-11-13 20:37:46,398 - INFO - topic diversity : 0.8258
2025-11-13 20:38:05,972 - INFO - adding document #0 to Dictionary<0 unique tokens: []>
2025-11-13 20:38:06,296 - INFO - built Dictionary<30258 unique tokens: ['अग्राधिकार', 'अत्यावश्यक', 'अधिवक्ता', 'अध्ययन', 'अनन्तराज']...> from 1416 documents (total 494224 corpus positions)
2025-11-13 20:38:06,297 - INFO - Dictionary lifecycle event {'msg': "built Dictionary<30258 unique tokens: ['अग्राधिकार', 'अत्यावश्यक', 'अधिवक्ता', 'अध्ययन', 'अनन्तराज']...> from 1416 documents (total 494224 corpus positions)", 'datetime': '2025-11-13T20:38:06.297485', 'gensim': '4.4.0', 'python': '3.11.9 (tags/v3.11.9:de54cf5, Apr  2 2024, 10:12:12) [MSC v.1938 64 bit (AMD64)]', 'platform': 'Windows-10-10.0.26100-SP0', 'event': 'created'}
2025-11-13 20:38:06,302 - INFO - using ParallelWordOccurrenceAccumulator<processes=11, batch_size=64> to estimate probabilities from sliding windows
2025-11-13 20:38:18,971 - INFO - 1 batches submitted to accumulate stats from 64 documents (13311 virtual)
2025-11-13 20:38:18,977 - INFO - 2 batches submitted to accumulate stats from 128 documents (28919 virtual)
2025-11-13 20:38:18,984 - INFO - 3 batches submitted to accumulate stats from 192 documents (44523 virtual)
2025-11-13 20:38:18,991 - INFO - 4 batches submitted to accumulate stats from 256 documents (61616 virtual)
2025-11-13 20:38:18,998 - INFO - 5 batches submitted to accumulate stats from 320 documents (80672 virtual)
2025-11-13 20:38:19,007 - INFO - 6 batches submitted to accumulate stats from 384 documents (97480 virtual)
2025-11-13 20:38:19,016 - INFO - 7 batches submitted to accumulate stats from 448 documents (115990 virtual)
2025-11-13 20:38:19,024 - INFO - 8 batches submitted to accumulate stats from 512 documents (134296 virtual)
2025-11-13 20:38:19,033 - INFO - 9 batches submitted to accumulate stats from 576 documents (152072 virtual)
2025-11-13 20:38:19,042 - INFO - 10 batches submitted to accumulate stats from 640 documents (172962 virtual)
2025-11-13 20:38:19,051 - INFO - 11 batches submitted to accumulate stats from 704 documents (189631 virtual)
2025-11-13 20:38:19,060 - INFO - 12 batches submitted to accumulate stats from 768 documents (207494 virtual)
2025-11-13 20:38:19,069 - INFO - 13 batches submitted to accumulate stats from 832 documents (226403 virtual)
2025-11-13 20:38:19,078 - INFO - 14 batches submitted to accumulate stats from 896 documents (243836 virtual)
2025-11-13 20:38:19,091 - INFO - 15 batches submitted to accumulate stats from 960 documents (262245 virtual)
2025-11-13 20:38:19,095 - INFO - 16 batches submitted to accumulate stats from 1024 documents (269402 virtual)
2025-11-13 20:38:19,100 - INFO - 17 batches submitted to accumulate stats from 1088 documents (274560 virtual)
2025-11-13 20:38:19,108 - INFO - 18 batches submitted to accumulate stats from 1152 documents (288245 virtual)
2025-11-13 20:38:19,115 - INFO - 19 batches submitted to accumulate stats from 1216 documents (303047 virtual)
2025-11-13 20:38:19,121 - INFO - 20 batches submitted to accumulate stats from 1280 documents (311929 virtual)
2025-11-13 20:38:19,128 - INFO - 21 batches submitted to accumulate stats from 1344 documents (324900 virtual)
2025-11-13 20:38:19,135 - INFO - 22 batches submitted to accumulate stats from 1408 documents (338320 virtual)
2025-11-13 20:38:19,693 - INFO - 23 batches submitted to accumulate stats from 1472 documents (339880 virtual)
2025-11-13 20:38:21,312 - INFO - 11 accumulators retrieved from output queue
2025-11-13 20:38:21,397 - INFO - accumulated word occurrence stats for 343701 virtual documents
2025-11-13 20:38:22,097 - INFO - topic diversity : 0.8258
2025-11-13 20:39:00,104 - INFO - adding document #0 to Dictionary<0 unique tokens: []>
2025-11-13 20:39:00,400 - INFO - built Dictionary<30258 unique tokens: ['अग्राधिकार', 'अत्यावश्यक', 'अधिवक्ता', 'अध्ययन', 'अनन्तराज']...> from 1416 documents (total 494224 corpus positions)
2025-11-13 20:39:00,403 - INFO - Dictionary lifecycle event {'msg': "built Dictionary<30258 unique tokens: ['अग्राधिकार', 'अत्यावश्यक', 'अधिवक्ता', 'अध्ययन', 'अनन्तराज']...> from 1416 documents (total 494224 corpus positions)", 'datetime': '2025-11-13T20:39:00.403000', 'gensim': '4.4.0', 'python': '3.11.9 (tags/v3.11.9:de54cf5, Apr  2 2024, 10:12:12) [MSC v.1938 64 bit (AMD64)]', 'platform': 'Windows-10-10.0.26100-SP0', 'event': 'created'}
2025-11-13 20:39:00,408 - INFO - using ParallelWordOccurrenceAccumulator<processes=11, batch_size=64> to estimate probabilities from sliding windows
2025-11-13 20:39:12,196 - INFO - 1 batches submitted to accumulate stats from 64 documents (13311 virtual)
2025-11-13 20:39:12,199 - INFO - 2 batches submitted to accumulate stats from 128 documents (28919 virtual)
2025-11-13 20:39:12,205 - INFO - 3 batches submitted to accumulate stats from 192 documents (44523 virtual)
2025-11-13 20:39:12,213 - INFO - 4 batches submitted to accumulate stats from 256 documents (61616 virtual)
2025-11-13 20:39:12,219 - INFO - 5 batches submitted to accumulate stats from 320 documents (80672 virtual)
2025-11-13 20:39:12,227 - INFO - 6 batches submitted to accumulate stats from 384 documents (97480 virtual)
2025-11-13 20:39:12,234 - INFO - 7 batches submitted to accumulate stats from 448 documents (115990 virtual)
2025-11-13 20:39:12,241 - INFO - 8 batches submitted to accumulate stats from 512 documents (134296 virtual)
2025-11-13 20:39:12,248 - INFO - 9 batches submitted to accumulate stats from 576 documents (152072 virtual)
2025-11-13 20:39:12,256 - INFO - 10 batches submitted to accumulate stats from 640 documents (172962 virtual)
2025-11-13 20:39:12,265 - INFO - 11 batches submitted to accumulate stats from 704 documents (189631 virtual)
2025-11-13 20:39:12,274 - INFO - 12 batches submitted to accumulate stats from 768 documents (207494 virtual)
2025-11-13 20:39:12,282 - INFO - 13 batches submitted to accumulate stats from 832 documents (226403 virtual)
2025-11-13 20:39:12,290 - INFO - 14 batches submitted to accumulate stats from 896 documents (243836 virtual)
2025-11-13 20:39:12,298 - INFO - 15 batches submitted to accumulate stats from 960 documents (262245 virtual)
2025-11-13 20:39:12,303 - INFO - 16 batches submitted to accumulate stats from 1024 documents (269402 virtual)
2025-11-13 20:39:12,308 - INFO - 17 batches submitted to accumulate stats from 1088 documents (274560 virtual)
2025-11-13 20:39:12,315 - INFO - 18 batches submitted to accumulate stats from 1152 documents (288245 virtual)
2025-11-13 20:39:12,325 - INFO - 19 batches submitted to accumulate stats from 1216 documents (303047 virtual)
2025-11-13 20:39:12,331 - INFO - 20 batches submitted to accumulate stats from 1280 documents (311929 virtual)
2025-11-13 20:39:12,337 - INFO - 21 batches submitted to accumulate stats from 1344 documents (324900 virtual)
2025-11-13 20:39:12,353 - INFO - 22 batches submitted to accumulate stats from 1408 documents (338320 virtual)
2025-11-13 20:39:12,792 - INFO - 23 batches submitted to accumulate stats from 1472 documents (339880 virtual)
2025-11-13 20:39:14,258 - INFO - 11 accumulators retrieved from output queue
2025-11-13 20:39:14,329 - INFO - accumulated word occurrence stats for 343701 virtual documents
2025-11-13 20:39:14,931 - INFO - topic diversity : 0.8120
